python : 2026-01-06 
09:39:38,544 [INFO] c
onfigs.config_manager
: Loaded Golden 
Config: configs/golde
n_config.yaml
At line:1 char:1
+ python main.py 
--dry-run > 
dry_run.log 2>&1
+ ~~~~~~~~~~~~~~~~~~~
~~~~~~~~~~~~~~~~~~~~~
~~~
    + CategoryInfo   
           : NotSpe  
  cified: (2026-01   
 -06 09:3...den_c    
onfig.yaml:Strin    
g) [], RemoteExc    
eption
    + FullyQualified 
   ErrorId : Native  
  CommandError
 
2026-01-06 
09:39:38,544 [INFO] c
onfigs.config_manager
: Config SHA256 
Hash: 9293b1b227551a9
d2af82b7ed949aa047a09
378f257ea29d0ce63f481
a718ccf
2026-01-06 
09:39:38,544 [INFO] 
ops.checklists: 
Generating Daily 
Checklist (Config 
Hash: 9293b1b227551a9
d2af82b7ed949aa047a09
378f257ea29d0ce63f481
a718ccf)...
2026-01-06 
09:39:38,544 [INFO] 
ops.checklists: 
[CHECKLIST] 
Initiating 
Pre-Flight Checks...
2026-01-06 
09:39:38,545 [INFO] 
ops.checklists: 
[CHECKLIST] System 
Time (UTC): 
2026-01-06 04:09:38
2026-01-06 
09:39:38,546 [INFO] 
ops.checklists: 
[CHECKLIST] [OK] ALL 
SYSTEMS GO.
2026-01-06 
09:39:38,575 [INFO] 
InstitutionalDriver: 
INSTITUTIONAL: Using 
Entitlement-Aware 
Data Router for 
Production.
2026-01-06 
09:39:40,527 
[WARNING] data.provid
ers.bloomberg: 
Bloomberg API 
connection failed: 
403
2026-01-06 
09:39:41,417 
[WARNING] data.provid
ers.reuters: Reuters 
API authentication 
failed: 400
2026-01-06 
09:39:41,749 [ERROR] 
data.providers.sentim
ent_provider: Failed 
to initialize 
sentiment provider: H
TTPSConnectionPool(ho
st='api.alternative-d
ata.com', port=443): 
Max retries exceeded 
with url: 
/sentiment/status 
(Caused by NameResolu
tionError("HTTPSConne
ction(host='api.alter
native-data.com', 
port=443): Failed to 
resolve 'api.alternat
ive-data.com' 
([Errno 11001] 
getaddrinfo 
failed)"))
2026-01-06 
09:39:42,700 [ERROR] 
data.providers.news_p
rovider: Failed to 
initialize news 
provider: HTTPSConnec
tionPool(host='api.fi
nancial-news.com', 
port=443): Max 
retries exceeded 
with url: /status 
(Caused by 
SSLError(SSLError(1, 
'[SSL: TLSV1_UNRECOGN
IZED_NAME] tlsv1 
unrecognized name 
(_ssl.c:1006)')))
2026-01-06 
09:39:42,995 [INFO] s
trategies.nlp_engine:
 Institutional NLP 
Engine initialized
2026-01-06 
09:39:42,998 [INFO] 
InstitutionalDriver: 
Phase 1: Warming 
models from 
2024-03-27 (Deep 
History for ML)...
2026-01-06 
09:39:43,691 [INFO] 
InstitutionalDriver: 
Phase 2: 
Initializing Live 
PAPER Engine...
2026-01-06 
09:39:43,691 [INFO] 
brokers.mock_broker: 
MockBroker 
initialized with 
$1,000,000.00
2026-01-06 
09:39:43,691 [INFO] 
engine.live_engine: 
Institutional Live 
Engine Initialized. 
Mode: PAPER
2026-01-06 
09:39:43,691 [INFO] 
monitoring.alerts: 
ALERT: [INFO] 
Autonomous Trading 
Loop Started. 
Frequency: daily
2026-01-06 
09:39:48,226 [INFO] 
InstitutionalDriver: 
Initializing 
Real-Time Market 
Listener...
2026-01-06 
09:39:49,228 [INFO] 
InstitutionalDriver: 
Triggering Scheduled 
Hourly Rebalance...
2026-01-06 
09:39:50,002 [INFO] 
monitoring.alerts: 
ALERT: [HEARTBEAT] 
\U0001f7e2 HEARTBEAT 
| Mem: 306.8MB | 
Status: ACTIVE
2026-01-06 
09:39:54,999 [INFO] 
engine.live_engine: 
--- Starting Live 
Rebalance Cycle: 
2026-01-06 04:09:54.9
99907+00:00 ---
2026-01-06 
09:39:54,999 [INFO] 
engine.live_engine: 
Live NAV: 
$1,000,000.00 | 
Positions: {}
2026-01-06 
09:39:54,999 [INFO] 
engine.live_engine: 
Fetching market data 
from 2025-04-29 to 
2026-01-06...
2026-01-06 
09:39:55,784 [INFO] 
engine.live_engine: 
Generating signals 
for 11 tickers in 
parallel...
2026-01-06 
09:39:56,507 [INFO] 
engine.live_engine: 
Generating orders 
via strategy 
function...
C:\mini-quant-fund\st
rategies\regime_engin
e.py:104: 
FutureWarning: The 
default 
fill_method='pad' in 
Series.pct_change is 
deprecated and will 
be removed in a 
future version. 
Either fill in any 
non-leading NA 
values prior to 
calling pct_change 
or specify 
'fill_method=None' 
to not fill NA 
values.
  returns = data['Clo
se'].pct_change().dro
pna()
C:\mini-quant-fund\st
rategies\regime_engin
e.py:116: 
FutureWarning: The 
default 
fill_method='pad' in 
Series.pct_change is 
deprecated and will 
be removed in a 
future version. 
Either fill in any 
non-leading NA 
values prior to 
calling pct_change 
or specify 
'fill_method=None' 
to not fill NA 
values.
  returns = data['Clo
se'].pct_change().dro
pna()
C:\mini-quant-fund\st
rategies\regime_engin
e.py:146: 
FutureWarning: The 
default 
fill_method='pad' in 
Series.pct_change is 
deprecated and will 
be removed in a 
future version. 
Either fill in any 
non-leading NA 
values prior to 
calling pct_change 
or specify 
'fill_method=None' 
to not fill NA 
values.
  returns = data['Clo
se'].pct_change().dro
pna()
C:\mini-quant-fund\al
pha_families\momentum
_ts.py:39: 
FutureWarning: The 
default 
fill_method='pad' in 
Series.pct_change is 
deprecated and will 
be removed in a 
future version. 
Either fill in any 
non-leading NA 
values prior to 
calling pct_change 
or specify 
'fill_method=None' 
to not fill NA 
values.
  returns = data['Clo
se'].pct_change(h).il
oc[-1]
C:\mini-quant-fund\st
rategies\regime_engin
e.py:146: 
FutureWarning: The 
default 
fill_method='pad' in 
Series.pct_change is 
deprecated and will 
be removed in a 
future version. 
Either fill in any 
non-leading NA 
values prior to 
calling pct_change 
or specify 
'fill_method=None' 
to not fill NA 
values.
  returns = data['Clo
se'].pct_change().dro
pna()
C:\mini-quant-fund\al
pha_families\momentum
_ts.py:39: 
FutureWarning: The 
default 
fill_method='pad' in 
Series.pct_change is 
deprecated and will 
be removed in a 
future version. 
Either fill in any 
non-leading NA 
values prior to 
calling pct_change 
or specify 
'fill_method=None' 
to not fill NA 
values.
  returns = data['Clo
se'].pct_change(h).il
oc[-1]
C:\mini-quant-fund\al
pha_families\mean_rev
ersion.py:60: 
FutureWarning: The 
default 
fill_method='pad' in 
Series.pct_change is 
deprecated and will 
be removed in a 
future version. 
Either fill in any 
non-leading NA 
values prior to 
calling pct_change 
or specify 
'fill_method=None' 
to not fill NA 
values.
  volatility = close.
pct_change().rolling(
20).std().iloc[-1]
C:\mini-quant-fund\al
pha_families\mean_rev
ersion.py:60: 
FutureWarning: The 
default 
fill_method='pad' in 
Series.pct_change is 
deprecated and will 
be removed in a 
future version. 
Either fill in any 
non-leading NA 
values prior to 
calling pct_change 
or specify 
'fill_method=None' 
to not fill NA 
values.
  volatility = close.
pct_change().rolling(
20).std().iloc[-1]
C:\mini-quant-fund\al
pha_families\volatili
ty_carry.py:38: 
FutureWarning: The 
default 
fill_method='pad' in 
Series.pct_change is 
deprecated and will 
be removed in a 
future version. 
Either fill in any 
non-leading NA 
values prior to 
calling pct_change 
or specify 
'fill_method=None' 
to not fill NA 
values.
  returns = data['Clo
se'].pct_change().dro
pna()
C:\mini-quant-fund\al
pha_families\mean_rev
ersion.py:60: 
FutureWarning: The 
default 
fill_method='pad' in 
Series.pct_change is 
deprecated and will 
be removed in a 
future version. 
Either fill in any 
non-leading NA 
values prior to 
calling pct_change 
or specify 
'fill_method=None' 
to not fill NA 
values.
  volatility = close.
pct_change().rolling(
20).std().iloc[-1]
C:\mini-quant-fund\al
pha_families\volatili
ty_carry.py:38: 
FutureWarning: The 
default 
fill_method='pad' in 
Series.pct_change is 
deprecated and will 
be removed in a 
future version. 
Either fill in any 
non-leading NA 
values prior to 
calling pct_change 
or specify 
'fill_method=None' 
to not fill NA 
values.
  returns = data['Clo
se'].pct_change().dro
pna()
C:\mini-quant-fund\al
pha_families\mean_rev
ersion.py:60: 
FutureWarning: The 
default 
fill_method='pad' in 
Series.pct_change is 
deprecated and will 
be removed in a 
future version. 
Either fill in any 
non-leading NA 
values prior to 
calling pct_change 
or specify 
'fill_method=None' 
to not fill NA 
values.
  volatility = close.
pct_change().rolling(
20).std().iloc[-1]
C:\mini-quant-fund\al
pha_families\volatili
ty_carry.py:38: 
FutureWarning: The 
default 
fill_method='pad' in 
Series.pct_change is 
deprecated and will 
be removed in a 
future version. 
Either fill in any 
non-leading NA 
values prior to 
calling pct_change 
or specify 
'fill_method=None' 
to not fill NA 
values.
  returns = data['Clo
se'].pct_change().dro
pna()
C:\mini-quant-fund\al
pha_families\volatili
ty_carry.py:38: 
FutureWarning: The 
default 
fill_method='pad' in 
Series.pct_change is 
deprecated and will 
be removed in a 
future version. 
Either fill in any 
non-leading NA 
values prior to 
calling pct_change 
or specify 
'fill_method=None' 
to not fill NA 
values.
  returns = data['Clo
se'].pct_change().dro
pna()
C:\mini-quant-fund\al
pha_families\volatili
ty_carry.py:38: 
FutureWarning: The 
default 
fill_method='pad' in 
Series.pct_change is 
deprecated and will 
be removed in a 
future version. 
Either fill in any 
non-leading NA 
values prior to 
calling pct_change 
or specify 
'fill_method=None' 
to not fill NA 
values.
  returns = data['Clo
se'].pct_change().dro
pna()
C:\mini-quant-fund\st
rategies\filters.py:2
66: FutureWarning: 
The default 
fill_method='pad' in 
Series.pct_change is 
deprecated and will 
be removed in a 
future version. 
Either fill in any 
non-leading NA 
values prior to 
calling pct_change 
or specify 
'fill_method=None' 
to not fill NA 
values.
  returns = market_da
ta[col]['Close'].pct_
change().dropna()
2026-01-06 
09:39:58,051 [ERROR] 
InstitutionalDriver: 
PIPELINE ERROR: The 
truth value of a 
Series is ambiguous. 
Use a.empty, 
a.bool(), a.item(), 
a.any() or a.all().
Traceback (most 
recent call last):
  File "C:\mini-quant
-fund\main.py", line 
432, in run_productio
n_pipeline
    live_engine.run_o
nce(active_tickers, 
strategy_fn)
  File "C:\mini-quant
-fund\engine\live_eng
ine.py", line 275, 
in run_once
    orders = 
strategy_fn(ts, 
current_prices, self)
             ^^^^^^^^
^^^^^^^^^^^^^^^^^^^^^
^^^^^^^^
  File "C:\mini-quant
-fund\main.py", line 
267, in strategy_fn
    return 
allocator.allocate(
           
^^^^^^^^^^^^^^^^^^^
  File "C:\mini-quant
-fund\portfolio\alloc
ator.py", line 210, 
in allocate
    res = self.risk_m
anager.enforce_limits
(conv_s, px_hist, 
vol_hist)
          ^^^^^^^^^^^
^^^^^^^^^^^^^^^^^^^^^
^^^^^^^^^^^^^^^^^^^^^
^^^^^^
  File "C:\mini-quant
-fund\risk\engine.py"
, line 546, in 
enforce_limits
    if adv_dollars > 
0 and abs(conviction.
iloc[-1]) > 
(adv_dollars * 0.10):
       
^^^^^^^^^^^^^^^
  File 
"C:\Users\Praveen P\A
ppData\Roaming\Python
\Python311\site-packa
ges\pandas\core\gener
ic.py", line 1519, 
in __nonzero__
    raise ValueError(
ValueError: The 
truth value of a 
Series is ambiguous. 
Use a.empty, 
a.bool(), a.item(), 
a.any() or a.all().
2026-01-06 
09:39:58,054 [INFO] 
InstitutionalDriver: 
Cooling down for 5s 
before retry (Error 
#1)...
2026-01-06 
09:40:04,057 [INFO] 
InstitutionalDriver: 
Triggering Scheduled 
Hourly Rebalance...
2026-01-06 
09:40:04,657 [INFO] 
engine.live_engine: 
--- Starting Live 
Rebalance Cycle: 
2026-01-06 04:10:04.6
57884+00:00 ---
2026-01-06 
09:40:04,657 [INFO] 
engine.live_engine: 
Live NAV: 
$1,000,000.00 | 
Positions: {}
2026-01-06 
09:40:04,657 [INFO] 
engine.live_engine: 
Fetching market data 
from 2025-04-29 to 
2026-01-06...
2026-01-06 
09:40:06,064 [INFO] 
engine.live_engine: 
Generating signals 
for 11 tickers in 
parallel...
2026-01-06 
09:40:06,719 [INFO] 
engine.live_engine: 
Generating orders 
via strategy 
function...
C:\mini-quant-fund\st
rategies\regime_engin
e.py:104: 
FutureWarning: The 
default 
fill_method='pad' in 
Series.pct_change is 
deprecated and will 
be removed in a 
future version. 
Either fill in any 
non-leading NA 
values prior to 
calling pct_change 
or specify 
'fill_method=None' 
to not fill NA 
values.
  returns = data['Clo
se'].pct_change().dro
pna()
C:\mini-quant-fund\st
rategies\regime_engin
e.py:116: 
FutureWarning: The 
default 
fill_method='pad' in 
Series.pct_change is 
deprecated and will 
be removed in a 
future version. 
Either fill in any 
non-leading NA 
values prior to 
calling pct_change 
or specify 
'fill_method=None' 
to not fill NA 
values.
  returns = data['Clo
se'].pct_change().dro
pna()
C:\mini-quant-fund\st
rategies\regime_engin
e.py:146: 
FutureWarning: The 
default 
fill_method='pad' in 
Series.pct_change is 
deprecated and will 
be removed in a 
future version. 
Either fill in any 
non-leading NA 
values prior to 
calling pct_change 
or specify 
'fill_method=None' 
to not fill NA 
values.
  returns = data['Clo
se'].pct_change().dro
pna()
C:\mini-quant-fund\al
pha_families\momentum
_ts.py:39: 
FutureWarning: The 
default 
fill_method='pad' in 
Series.pct_change is 
deprecated and will 
be removed in a 
future version. 
Either fill in any 
non-leading NA 
values prior to 
calling pct_change 
or specify 
'fill_method=None' 
to not fill NA 
values.
  returns = data['Clo
se'].pct_change(h).il
oc[-1]
C:\mini-quant-fund\al
pha_families\mean_rev
ersion.py:60: 
FutureWarning: The 
default 
fill_method='pad' in 
Series.pct_change is 
deprecated and will 
be removed in a 
future version. 
Either fill in any 
non-leading NA 
values prior to 
calling pct_change 
or specify 
'fill_method=None' 
to not fill NA 
values.
  volatility = close.
pct_change().rolling(
20).std().iloc[-1]
C:\mini-quant-fund\al
pha_families\volatili
ty_carry.py:38: 
FutureWarning: The 
default 
fill_method='pad' in 
Series.pct_change is 
deprecated and will 
be removed in a 
future version. 
Either fill in any 
non-leading NA 
values prior to 
calling pct_change 
or specify 
'fill_method=None' 
to not fill NA 
values.
  returns = data['Clo
se'].pct_change().dro
pna()
C:\mini-quant-fund\al
pha_families\mean_rev
ersion.py:60: 
FutureWarning: The 
default 
fill_method='pad' in 
Series.pct_change is 
deprecated and will 
be removed in a 
future version. 
Either fill in any 
non-leading NA 
values prior to 
calling pct_change 
or specify 
'fill_method=None' 
to not fill NA 
values.
  volatility = close.
pct_change().rolling(
20).std().iloc[-1]
C:\mini-quant-fund\al
pha_families\volatili
ty_carry.py:38: 
FutureWarning: The 
default 
fill_method='pad' in 
Series.pct_change is 
deprecated and will 
be removed in a 
future version. 
Either fill in any 
non-leading NA 
values prior to 
calling pct_change 
or specify 
'fill_method=None' 
to not fill NA 
values.
  returns = data['Clo
se'].pct_change().dro
pna()
C:\mini-quant-fund\al
pha_families\momentum
_ts.py:39: 
FutureWarning: The 
default 
fill_method='pad' in 
Series.pct_change is 
deprecated and will 
be removed in a 
future version. 
Either fill in any 
non-leading NA 
values prior to 
calling pct_change 
or specify 
'fill_method=None' 
to not fill NA 
values.
  returns = data['Clo
se'].pct_change(h).il
oc[-1]
C:\mini-quant-fund\al
pha_families\mean_rev
ersion.py:60: 
FutureWarning: The 
default 
fill_method='pad' in 
Series.pct_change is 
deprecated and will 
be removed in a 
future version. 
Either fill in any 
non-leading NA 
values prior to 
calling pct_change 
or specify 
'fill_method=None' 
to not fill NA 
values.
  volatility = close.
pct_change().rolling(
20).std().iloc[-1]
C:\mini-quant-fund\al
pha_families\volatili
ty_carry.py:38: 
FutureWarning: The 
default 
fill_method='pad' in 
Series.pct_change is 
deprecated and will 
be removed in a 
future version. 
Either fill in any 
non-leading NA 
values prior to 
calling pct_change 
or specify 
'fill_method=None' 
to not fill NA 
values.
  returns = data['Clo
se'].pct_change().dro
pna()
C:\mini-quant-fund\al
pha_families\volatili
ty_carry.py:38: 
FutureWarning: The 
default 
fill_method='pad' in 
Series.pct_change is 
deprecated and will 
be removed in a 
future version. 
Either fill in any 
non-leading NA 
values prior to 
calling pct_change 
or specify 
'fill_method=None' 
to not fill NA 
values.
  returns = data['Clo
se'].pct_change().dro
pna()
C:\mini-quant-fund\al
pha_families\mean_rev
ersion.py:60: 
FutureWarning: The 
default 
fill_method='pad' in 
Series.pct_change is 
deprecated and will 
be removed in a 
future version. 
Either fill in any 
non-leading NA 
values prior to 
calling pct_change 
or specify 
'fill_method=None' 
to not fill NA 
values.
  volatility = close.
pct_change().rolling(
20).std().iloc[-1]
C:\mini-quant-fund\al
pha_families\volatili
ty_carry.py:38: 
FutureWarning: The 
default 
fill_method='pad' in 
Series.pct_change is 
deprecated and will 
be removed in a 
future version. 
Either fill in any 
non-leading NA 
values prior to 
calling pct_change 
or specify 
'fill_method=None' 
to not fill NA 
values.
  returns = data['Clo
se'].pct_change().dro
pna()
C:\mini-quant-fund\st
rategies\filters.py:2
66: FutureWarning: 
The default 
fill_method='pad' in 
Series.pct_change is 
deprecated and will 
be removed in a 
future version. 
Either fill in any 
non-leading NA 
values prior to 
calling pct_change 
or specify 
'fill_method=None' 
to not fill NA 
values.
  returns = market_da
ta[col]['Close'].pct_
change().dropna()
2026-01-06 
09:40:06,841 [ERROR] 
InstitutionalDriver: 
PIPELINE ERROR: The 
truth value of a 
Series is ambiguous. 
Use a.empty, 
a.bool(), a.item(), 
a.any() or a.all().
Traceback (most 
recent call last):
  File "C:\mini-quant
-fund\main.py", line 
432, in run_productio
n_pipeline
    live_engine.run_o
nce(active_tickers, 
strategy_fn)
  File "C:\mini-quant
-fund\engine\live_eng
ine.py", line 275, 
in run_once
    orders = 
strategy_fn(ts, 
current_prices, self)
             ^^^^^^^^
^^^^^^^^^^^^^^^^^^^^^
^^^^^^^^
  File "C:\mini-quant
-fund\main.py", line 
267, in strategy_fn
    return 
allocator.allocate(
           
^^^^^^^^^^^^^^^^^^^
  File "C:\mini-quant
-fund\portfolio\alloc
ator.py", line 210, 
in allocate
    res = self.risk_m
anager.enforce_limits
(conv_s, px_hist, 
vol_hist)
          ^^^^^^^^^^^
^^^^^^^^^^^^^^^^^^^^^
^^^^^^^^^^^^^^^^^^^^^
^^^^^^
  File "C:\mini-quant
-fund\risk\engine.py"
, line 546, in 
enforce_limits
    if adv_dollars > 
0 and abs(conviction.
iloc[-1]) > 
(adv_dollars * 0.10):
       
^^^^^^^^^^^^^^^
  File 
"C:\Users\Praveen P\A
ppData\Roaming\Python
\Python311\site-packa
ges\pandas\core\gener
ic.py", line 1519, 
in __nonzero__
    raise ValueError(
ValueError: The 
truth value of a 
Series is ambiguous. 
Use a.empty, 
a.bool(), a.item(), 
a.any() or a.all().
2026-01-06 
09:40:06,841 [INFO] 
InstitutionalDriver: 
Cooling down for 10s 
before retry (Error 
#2)...
2026-01-06 
09:40:17,843 [INFO] 
InstitutionalDriver: 
Triggering Scheduled 
Hourly Rebalance...
2026-01-06 
09:40:18,441 [INFO] 
engine.live_engine: 
--- Starting Live 
Rebalance Cycle: 
2026-01-06 04:10:18.4
41138+00:00 ---
2026-01-06 
09:40:18,444 [INFO] 
engine.live_engine: 
Live NAV: 
$1,000,000.00 | 
Positions: {}
2026-01-06 
09:40:18,444 [INFO] 
engine.live_engine: 
Fetching market data 
from 2025-04-29 to 
2026-01-06...
2026-01-06 
09:40:19,069 [INFO] 
engine.live_engine: 
Generating signals 
for 11 tickers in 
parallel...
2026-01-06 
09:40:19,685 [INFO] 
engine.live_engine: 
Generating orders 
via strategy 
function...
C:\mini-quant-fund\st
rategies\regime_engin
e.py:104: 
FutureWarning: The 
default 
fill_method='pad' in 
Series.pct_change is 
deprecated and will 
be removed in a 
future version. 
Either fill in any 
non-leading NA 
values prior to 
calling pct_change 
or specify 
'fill_method=None' 
to not fill NA 
values.
  returns = data['Clo
se'].pct_change().dro
pna()
C:\mini-quant-fund\st
rategies\regime_engin
e.py:116: 
FutureWarning: The 
default 
fill_method='pad' in 
Series.pct_change is 
deprecated and will 
be removed in a 
future version. 
Either fill in any 
non-leading NA 
values prior to 
calling pct_change 
or specify 
'fill_method=None' 
to not fill NA 
values.
  returns = data['Clo
se'].pct_change().dro
pna()
C:\mini-quant-fund\st
rategies\regime_engin
e.py:146: 
FutureWarning: The 
default 
fill_method='pad' in 
Series.pct_change is 
deprecated and will 
be removed in a 
future version. 
Either fill in any 
non-leading NA 
values prior to 
calling pct_change 
or specify 
'fill_method=None' 
to not fill NA 
values.
  returns = data['Clo
se'].pct_change().dro
pna()
C:\mini-quant-fund\al
pha_families\momentum
_ts.py:39: 
FutureWarning: The 
default 
fill_method='pad' in 
Series.pct_change is 
deprecated and will 
be removed in a 
future version. 
Either fill in any 
non-leading NA 
values prior to 
calling pct_change 
or specify 
'fill_method=None' 
to not fill NA 
values.
  returns = data['Clo
se'].pct_change(h).il
oc[-1]
C:\mini-quant-fund\al
pha_families\mean_rev
ersion.py:60: 
FutureWarning: The 
default 
fill_method='pad' in 
Series.pct_change is 
deprecated and will 
be removed in a 
future version. 
Either fill in any 
non-leading NA 
values prior to 
calling pct_change 
or specify 
'fill_method=None' 
to not fill NA 
values.
  volatility = close.
pct_change().rolling(
20).std().iloc[-1]
C:\mini-quant-fund\al
pha_families\volatili
ty_carry.py:38: 
FutureWarning: The 
default 
fill_method='pad' in 
Series.pct_change is 
deprecated and will 
be removed in a 
future version. 
Either fill in any 
non-leading NA 
values prior to 
calling pct_change 
or specify 
'fill_method=None' 
to not fill NA 
values.
  returns = data['Clo
se'].pct_change().dro
pna()
C:\mini-quant-fund\al
pha_families\mean_rev
ersion.py:60: 
FutureWarning: The 
default 
fill_method='pad' in 
Series.pct_change is 
deprecated and will 
be removed in a 
future version. 
Either fill in any 
non-leading NA 
values prior to 
calling pct_change 
or specify 
'fill_method=None' 
to not fill NA 
values.
  volatility = close.
pct_change().rolling(
20).std().iloc[-1]
C:\mini-quant-fund\al
pha_families\momentum
_ts.py:39: 
FutureWarning: The 
default 
fill_method='pad' in 
Series.pct_change is 
deprecated and will 
be removed in a 
future version. 
Either fill in any 
non-leading NA 
values prior to 
calling pct_change 
or specify 
'fill_method=None' 
to not fill NA 
values.
  returns = data['Clo
se'].pct_change(h).il
oc[-1]
C:\mini-quant-fund\al
pha_families\volatili
ty_carry.py:38: 
FutureWarning: The 
default 
fill_method='pad' in 
Series.pct_change is 
deprecated and will 
be removed in a 
future version. 
Either fill in any 
non-leading NA 
values prior to 
calling pct_change 
or specify 
'fill_method=None' 
to not fill NA 
values.
  returns = data['Clo
se'].pct_change().dro
pna()
C:\mini-quant-fund\al
pha_families\mean_rev
ersion.py:60: 
FutureWarning: The 
default 
fill_method='pad' in 
Series.pct_change is 
deprecated and will 
be removed in a 
future version. 
Either fill in any 
non-leading NA 
values prior to 
calling pct_change 
or specify 
'fill_method=None' 
to not fill NA 
values.
  volatility = close.
pct_change().rolling(
20).std().iloc[-1]
C:\mini-quant-fund\al
pha_families\volatili
ty_carry.py:38: 
FutureWarning: The 
default 
fill_method='pad' in 
Series.pct_change is 
deprecated and will 
be removed in a 
future version. 
Either fill in any 
non-leading NA 
values prior to 
calling pct_change 
or specify 
'fill_method=None' 
to not fill NA 
values.
  returns = data['Clo
se'].pct_change().dro
pna()
C:\mini-quant-fund\al
pha_families\momentum
_ts.py:39: 
FutureWarning: The 
default 
fill_method='pad' in 
Series.pct_change is 
deprecated and will 
be removed in a 
future version. 
Either fill in any 
non-leading NA 
values prior to 
calling pct_change 
or specify 
'fill_method=None' 
to not fill NA 
values.
  returns = data['Clo
se'].pct_change(h).il
oc[-1]
C:\mini-quant-fund\al
pha_families\volatili
ty_carry.py:38: 
FutureWarning: The 
default 
fill_method='pad' in 
Series.pct_change is 
deprecated and will 
be removed in a 
future version. 
Either fill in any 
non-leading NA 
values prior to 
calling pct_change 
or specify 
'fill_method=None' 
to not fill NA 
values.
  returns = data['Clo
se'].pct_change().dro
pna()
C:\mini-quant-fund\al
pha_families\momentum
_ts.py:39: 
FutureWarning: The 
default 
fill_method='pad' in 
Series.pct_change is 
deprecated and will 
be removed in a 
future version. 
Either fill in any 
non-leading NA 
values prior to 
calling pct_change 
or specify 
'fill_method=None' 
to not fill NA 
values.
  returns = data['Clo
se'].pct_change(h).il
oc[-1]
C:\mini-quant-fund\al
pha_families\mean_rev
ersion.py:60: 
FutureWarning: The 
default 
fill_method='pad' in 
Series.pct_change is 
deprecated and will 
be removed in a 
future version. 
Either fill in any 
non-leading NA 
values prior to 
calling pct_change 
or specify 
'fill_method=None' 
to not fill NA 
values.
  volatility = close.
pct_change().rolling(
20).std().iloc[-1]
C:\mini-quant-fund\al
pha_families\volatili
ty_carry.py:38: 
FutureWarning: The 
default 
fill_method='pad' in 
Series.pct_change is 
deprecated and will 
be removed in a 
future version. 
Either fill in any 
non-leading NA 
values prior to 
calling pct_change 
or specify 
'fill_method=None' 
to not fill NA 
values.
  returns = data['Clo
se'].pct_change().dro
pna()
C:\mini-quant-fund\st
rategies\filters.py:2
66: FutureWarning: 
The default 
fill_method='pad' in 
Series.pct_change is 
deprecated and will 
be removed in a 
future version. 
Either fill in any 
non-leading NA 
values prior to 
calling pct_change 
or specify 
'fill_method=None' 
to not fill NA 
values.
  returns = market_da
ta[col]['Close'].pct_
change().dropna()
2026-01-06 
09:40:19,797 [ERROR] 
InstitutionalDriver: 
PIPELINE ERROR: The 
truth value of a 
Series is ambiguous. 
Use a.empty, 
a.bool(), a.item(), 
a.any() or a.all().
Traceback (most 
recent call last):
  File "C:\mini-quant
-fund\main.py", line 
432, in run_productio
n_pipeline
    live_engine.run_o
nce(active_tickers, 
strategy_fn)
  File "C:\mini-quant
-fund\engine\live_eng
ine.py", line 275, 
in run_once
    orders = 
strategy_fn(ts, 
current_prices, self)
             ^^^^^^^^
^^^^^^^^^^^^^^^^^^^^^
^^^^^^^^
  File "C:\mini-quant
-fund\main.py", line 
267, in strategy_fn
    return 
allocator.allocate(
           
^^^^^^^^^^^^^^^^^^^
  File "C:\mini-quant
-fund\portfolio\alloc
ator.py", line 210, 
in allocate
    res = self.risk_m
anager.enforce_limits
(conv_s, px_hist, 
vol_hist)
          ^^^^^^^^^^^
^^^^^^^^^^^^^^^^^^^^^
^^^^^^^^^^^^^^^^^^^^^
^^^^^^
  File "C:\mini-quant
-fund\risk\engine.py"
, line 546, in 
enforce_limits
    if adv_dollars > 
0 and abs(conviction.
iloc[-1]) > 
(adv_dollars * 0.10):
       
^^^^^^^^^^^^^^^
  File 
"C:\Users\Praveen P\A
ppData\Roaming\Python
\Python311\site-packa
ges\pandas\core\gener
ic.py", line 1519, 
in __nonzero__
    raise ValueError(
ValueError: The 
truth value of a 
Series is ambiguous. 
Use a.empty, 
a.bool(), a.item(), 
a.any() or a.all().
2026-01-06 
09:40:19,800 [INFO] 
InstitutionalDriver: 
Cooling down for 15s 
before retry (Error 
#3)...
2026-01-06 
09:40:35,801 [INFO] 
InstitutionalDriver: 
Triggering Scheduled 
Hourly Rebalance...
2026-01-06 
09:40:36,538 [INFO] 
engine.live_engine: 
--- Starting Live 
Rebalance Cycle: 
2026-01-06 04:10:36.5
38693+00:00 ---
2026-01-06 
09:40:36,538 [INFO] 
engine.live_engine: 
Live NAV: 
$1,000,000.00 | 
Positions: {}
2026-01-06 
09:40:36,538 [INFO] 
engine.live_engine: 
Fetching market data 
from 2025-04-29 to 
2026-01-06...
2026-01-06 
09:40:37,571 [INFO] 
engine.live_engine: 
Generating signals 
for 11 tickers in 
parallel...
2026-01-06 
09:40:38,282 [INFO] 
engine.live_engine: 
Generating orders 
via strategy 
function...
C:\mini-quant-fund\st
rategies\regime_engin
e.py:104: 
FutureWarning: The 
default 
fill_method='pad' in 
Series.pct_change is 
deprecated and will 
be removed in a 
future version. 
Either fill in any 
non-leading NA 
values prior to 
calling pct_change 
or specify 
'fill_method=None' 
to not fill NA 
values.
  returns = data['Clo
se'].pct_change().dro
pna()
C:\mini-quant-fund\st
rategies\regime_engin
e.py:116: 
FutureWarning: The 
default 
fill_method='pad' in 
Series.pct_change is 
deprecated and will 
be removed in a 
future version. 
Either fill in any 
non-leading NA 
values prior to 
calling pct_change 
or specify 
'fill_method=None' 
to not fill NA 
values.
  returns = data['Clo
se'].pct_change().dro
pna()
C:\mini-quant-fund\st
rategies\regime_engin
e.py:146: 
FutureWarning: The 
default 
fill_method='pad' in 
Series.pct_change is 
deprecated and will 
be removed in a 
future version. 
Either fill in any 
non-leading NA 
values prior to 
calling pct_change 
or specify 
'fill_method=None' 
to not fill NA 
values.
  returns = data['Clo
se'].pct_change().dro
pna()
C:\mini-quant-fund\al
pha_families\momentum
_ts.py:39: 
FutureWarning: The 
default 
fill_method='pad' in 
Series.pct_change is 
deprecated and will 
be removed in a 
future version. 
Either fill in any 
non-leading NA 
values prior to 
calling pct_change 
or specify 
'fill_method=None' 
to not fill NA 
values.
  returns = data['Clo
se'].pct_change(h).il
oc[-1]
C:\mini-quant-fund\al
pha_families\mean_rev
ersion.py:60: 
FutureWarning: The 
default 
fill_method='pad' in 
Series.pct_change is 
deprecated and will 
be removed in a 
future version. 
Either fill in any 
non-leading NA 
values prior to 
calling pct_change 
or specify 
'fill_method=None' 
to not fill NA 
values.
  volatility = close.
pct_change().rolling(
20).std().iloc[-1]
C:\mini-quant-fund\al
pha_families\volatili
ty_carry.py:38: 
FutureWarning: The 
default 
fill_method='pad' in 
Series.pct_change is 
deprecated and will 
be removed in a 
future version. 
Either fill in any 
non-leading NA 
values prior to 
calling pct_change 
or specify 
'fill_method=None' 
to not fill NA 
values.
  returns = data['Clo
se'].pct_change().dro
pna()
C:\mini-quant-fund\al
pha_families\mean_rev
ersion.py:60: 
FutureWarning: The 
default 
fill_method='pad' in 
Series.pct_change is 
deprecated and will 
be removed in a 
future version. 
Either fill in any 
non-leading NA 
values prior to 
calling pct_change 
or specify 
'fill_method=None' 
to not fill NA 
values.
  volatility = close.
pct_change().rolling(
20).std().iloc[-1]
C:\mini-quant-fund\al
pha_families\momentum
_ts.py:39: 
FutureWarning: The 
default 
fill_method='pad' in 
Series.pct_change is 
deprecated and will 
be removed in a 
future version. 
Either fill in any 
non-leading NA 
values prior to 
calling pct_change 
or specify 
'fill_method=None' 
to not fill NA 
values.
  returns = data['Clo
se'].pct_change(h).il
oc[-1]
C:\mini-quant-fund\al
pha_families\volatili
ty_carry.py:38: 
FutureWarning: The 
default 
fill_method='pad' in 
Series.pct_change is 
deprecated and will 
be removed in a 
future version. 
Either fill in any 
non-leading NA 
values prior to 
calling pct_change 
or specify 
'fill_method=None' 
to not fill NA 
values.
  returns = data['Clo
se'].pct_change().dro
pna()
C:\mini-quant-fund\al
pha_families\mean_rev
ersion.py:60: 
FutureWarning: The 
default 
fill_method='pad' in 
Series.pct_change is 
deprecated and will 
be removed in a 
future version. 
Either fill in any 
non-leading NA 
values prior to 
calling pct_change 
or specify 
'fill_method=None' 
to not fill NA 
values.
  volatility = close.
pct_change().rolling(
20).std().iloc[-1]
C:\mini-quant-fund\al
pha_families\volatili
ty_carry.py:38: 
FutureWarning: The 
default 
fill_method='pad' in 
Series.pct_change is 
deprecated and will 
be removed in a 
future version. 
Either fill in any 
non-leading NA 
values prior to 
calling pct_change 
or specify 
'fill_method=None' 
to not fill NA 
values.
  returns = data['Clo
se'].pct_change().dro
pna()
C:\mini-quant-fund\al
pha_families\mean_rev
ersion.py:60: 
FutureWarning: The 
default 
fill_method='pad' in 
Series.pct_change is 
deprecated and will 
be removed in a 
future version. 
Either fill in any 
non-leading NA 
values prior to 
calling pct_change 
or specify 
'fill_method=None' 
to not fill NA 
values.
  volatility = close.
pct_change().rolling(
20).std().iloc[-1]
C:\mini-quant-fund\al
pha_families\momentum
_ts.py:39: 
FutureWarning: The 
default 
fill_method='pad' in 
Series.pct_change is 
deprecated and will 
be removed in a 
future version. 
Either fill in any 
non-leading NA 
values prior to 
calling pct_change 
or specify 
'fill_method=None' 
to not fill NA 
values.
  returns = data['Clo
se'].pct_change(h).il
oc[-1]
C:\mini-quant-fund\al
pha_families\mean_rev
ersion.py:60: 
FutureWarning: The 
default 
fill_method='pad' in 
Series.pct_change is 
deprecated and will 
be removed in a 
future version. 
Either fill in any 
non-leading NA 
values prior to 
calling pct_change 
or specify 
'fill_method=None' 
to not fill NA 
values.
  volatility = close.
pct_change().rolling(
20).std().iloc[-1]
C:\mini-quant-fund\al
pha_families\momentum
_ts.py:39: 
FutureWarning: The 
default 
fill_method='pad' in 
Series.pct_change is 
deprecated and will 
be removed in a 
future version. 
Either fill in any 
non-leading NA 
values prior to 
calling pct_change 
or specify 
'fill_method=None' 
to not fill NA 
values.
  returns = data['Clo
se'].pct_change(h).il
oc[-1]
C:\mini-quant-fund\al
pha_families\volatili
ty_carry.py:38: 
FutureWarning: The 
default 
fill_method='pad' in 
Series.pct_change is 
deprecated and will 
be removed in a 
future version. 
Either fill in any 
non-leading NA 
values prior to 
calling pct_change 
or specify 
'fill_method=None' 
to not fill NA 
values.
  returns = data['Clo
se'].pct_change().dro
pna()
C:\mini-quant-fund\al
pha_families\mean_rev
ersion.py:60: 
FutureWarning: The 
default 
fill_method='pad' in 
Series.pct_change is 
deprecated and will 
be removed in a 
future version. 
Either fill in any 
non-leading NA 
values prior to 
calling pct_change 
or specify 
'fill_method=None' 
to not fill NA 
values.
  volatility = close.
pct_change().rolling(
20).std().iloc[-1]
C:\mini-quant-fund\al
pha_families\volatili
ty_carry.py:38: 
FutureWarning: The 
default 
fill_method='pad' in 
Series.pct_change is 
deprecated and will 
be removed in a 
future version. 
Either fill in any 
non-leading NA 
values prior to 
calling pct_change 
or specify 
'fill_method=None' 
to not fill NA 
values.
  returns = data['Clo
se'].pct_change().dro
pna()
C:\mini-quant-fund\st
rategies\filters.py:2
66: FutureWarning: 
The default 
fill_method='pad' in 
Series.pct_change is 
deprecated and will 
be removed in a 
future version. 
Either fill in any 
non-leading NA 
values prior to 
calling pct_change 
or specify 
'fill_method=None' 
to not fill NA 
values.
  returns = market_da
ta[col]['Close'].pct_
change().dropna()
2026-01-06 
09:40:38,398 [ERROR] 
InstitutionalDriver: 
PIPELINE ERROR: The 
truth value of a 
Series is ambiguous. 
Use a.empty, 
a.bool(), a.item(), 
a.any() or a.all().
Traceback (most 
recent call last):
  File "C:\mini-quant
-fund\main.py", line 
432, in run_productio
n_pipeline
    live_engine.run_o
nce(active_tickers, 
strategy_fn)
  File "C:\mini-quant
-fund\engine\live_eng
ine.py", line 275, 
in run_once
    orders = 
strategy_fn(ts, 
current_prices, self)
             ^^^^^^^^
^^^^^^^^^^^^^^^^^^^^^
^^^^^^^^
  File "C:\mini-quant
-fund\main.py", line 
267, in strategy_fn
    return 
allocator.allocate(
           
^^^^^^^^^^^^^^^^^^^
  File "C:\mini-quant
-fund\portfolio\alloc
ator.py", line 210, 
in allocate
    res = self.risk_m
anager.enforce_limits
(conv_s, px_hist, 
vol_hist)
          ^^^^^^^^^^^
^^^^^^^^^^^^^^^^^^^^^
^^^^^^^^^^^^^^^^^^^^^
^^^^^^
  File "C:\mini-quant
-fund\risk\engine.py"
, line 546, in 
enforce_limits
    if adv_dollars > 
0 and abs(conviction.
iloc[-1]) > 
(adv_dollars * 0.10):
       
^^^^^^^^^^^^^^^
  File 
"C:\Users\Praveen P\A
ppData\Roaming\Python
\Python311\site-packa
ges\pandas\core\gener
ic.py", line 1519, 
in __nonzero__
    raise ValueError(
ValueError: The 
truth value of a 
Series is ambiguous. 
Use a.empty, 
a.bool(), a.item(), 
a.any() or a.all().
2026-01-06 
09:40:38,399 [INFO] 
InstitutionalDriver: 
Cooling down for 20s 
before retry (Error 
#4)...
2026-01-06 
09:40:59,400 [INFO] 
InstitutionalDriver: 
Triggering Scheduled 
Hourly Rebalance...
2026-01-06 
09:40:59,401 [INFO] 
MarketListener: 
[SURVEILLANCE] 
Scanning 11/11 
assets in parallel...
2026-01-06 
09:41:00,176 
[WARNING] data.provid
ers.binance: Binance 
Price Fetch Failed 
NVDA: 'price'
2026-01-06 
09:41:00,180 [ERROR] 
MarketListener: 
ANOMALY: NVDA moved 
-81.51% but FAILED 
cross-check. 
Filtered as glitch.
2026-01-06 
09:41:00,711 
[WARNING] data.provid
ers.binance: Binance 
Price Fetch Failed 
MSFT: 'price'
2026-01-06 
09:41:00,713 [ERROR] 
MarketListener: 
ANOMALY: MSFT moved 
-81.51% but FAILED 
cross-check. 
Filtered as glitch.
2026-01-06 
09:41:01,215 
[WARNING] data.provid
ers.binance: Binance 
Price Fetch Failed 
QQQ: 'price'
2026-01-06 
09:41:01,216 [ERROR] 
MarketListener: 
ANOMALY: QQQ moved 
-81.51% but FAILED 
cross-check. 
Filtered as glitch.
2026-01-06 
09:41:01,830 
[WARNING] data.provid
ers.binance: Binance 
Price Fetch Failed 
SPY: 'price'
2026-01-06 
09:41:01,832 [ERROR] 
MarketListener: 
ANOMALY: SPY moved 
-81.51% but FAILED 
cross-check. 
Filtered as glitch.
2026-01-06 
09:41:02,381 
[WARNING] data.provid
ers.binance: Binance 
Price Fetch Failed 
GLD: 'price'
2026-01-06 
09:41:02,382 [ERROR] 
MarketListener: 
ANOMALY: GLD moved 
-81.51% but FAILED 
cross-check. 
Filtered as glitch.
2026-01-06 
09:41:02,917 
[WARNING] data.provid
ers.binance: Binance 
Price Fetch Failed 
GOOGL: 'price'
2026-01-06 
09:41:02,918 [ERROR] 
MarketListener: 
ANOMALY: GOOGL moved 
-81.51% but FAILED 
cross-check. 
Filtered as glitch.
2026-01-06 
09:41:03,434 
[WARNING] data.provid
ers.binance: Binance 
Price Fetch Failed 
AAPL: 'price'
2026-01-06 
09:41:03,434 [ERROR] 
MarketListener: 
ANOMALY: AAPL moved 
-81.51% but FAILED 
cross-check. 
Filtered as glitch.
2026-01-06 
09:41:04,047 
[WARNING] data.provid
ers.binance: Binance 
Price Fetch Failed 
IWM: 'price'
2026-01-06 
09:41:04,049 [ERROR] 
MarketListener: 
ANOMALY: IWM moved 
-81.51% but FAILED 
cross-check. 
Filtered as glitch.
2026-01-06 
09:41:04,589 
[WARNING] data.provid
ers.binance: Binance 
Price Fetch Failed 
TLT: 'price'
2026-01-06 
09:41:04,591 [ERROR] 
MarketListener: 
ANOMALY: TLT moved 
-81.51% but FAILED 
cross-check. 
Filtered as glitch.
2026-01-06 
09:41:04,594 [INFO] 
engine.live_engine: 
--- Starting Live 
Rebalance Cycle: 
2026-01-06 04:11:04.5
94600+00:00 ---
2026-01-06 
09:41:04,594 [INFO] 
engine.live_engine: 
Live NAV: 
$1,000,000.00 | 
Positions: {}
2026-01-06 
09:41:04,595 [INFO] 
engine.live_engine: 
Fetching market data 
from 2025-04-29 to 
2026-01-06...
