
================================================
  MINI QUANT FUND ù INSTITUTIONAL DRIVER (MAIN)
================================================

.\.venv\Scripts\pytho
n.exe : Traceback 
(most recent call 
last):
At line:1 char:1
+ .\.venv\Scripts\pyt
hon.exe main.py > 
main_error.log 2>&1
+ ~~~~~~~~~~~~~~~~~~~
~~~~~~~~~~~~~~~~~~~~~
~~~~~~~~~~~~~~~~
    + CategoryInfo   
           : NotSpe  
  cified: (Traceba   
 ck (most recent     
call last)::Stri    
ng) [], RemoteEx    
ception
    + FullyQualified 
   ErrorId : Native  
  CommandError
 
  File "C:\mini-quant
-fund\main.py", line 
649, in <module>
    main()
  File "C:\mini-quant
-fund\main.py", line 
445, in main
    print(f"\u25b6 
Starting backtest 
from {START_DATE} 
for universe: 
{TICKERS}")
  File "C:\Program Fi
les\Python311\Lib\enc
odings\cp1252.py", 
line 19, in encode
    return codecs.cha
rmap_encode(input,sel
f.errors,encoding_tab
le)[0]
           ^^^^^^^^^^
^^^^^^^^^^^^^^^^^^^^^
^^^^^^^^^^^^^^^^^^^^^
^^^
UnicodeEncodeError: 
'charmap' codec 
can't encode 
character '\u25b6' 
in position 0: 
character maps to 
<undefined>
